Arguments: 
  /Users/oyxiaoxi/.nvm/versions/node/v16.13.1/bin/node /Users/oyxiaoxi/.nvm/versions/node/v16.13.1/bin/yarn add nodemon

PATH: 
  /usr/local/opt/mongodb-community@4.4/bin:/usr/local/opt/ruby/bin:/usr/local/opt/ruby/bin:/usr/local/opt/ruby/bin:/Users/oyxiaoxi/.nvm/versions/node/v16.13.1/bin:/opt/local/bin:/opt/local/sbin:/usr/local/bin:/usr/bin:/bin:/usr/sbin:/sbin:/Users/oyxiaoxi/.cargo/bin:/Users/oyxiaoxi/.rvm/bin:/Users/oyxiaoxi/.rvm/bin:/Users/oyxiaoxi/.rvm/bin:/Users/oyxiaoxi/.rvm/bin

Yarn version: 
  1.22.18

Node version: 
  16.13.1

Platform: 
  darwin x64

Trace: 
  Error: Client network socket disconnected before secure TLS connection was established
      at connResetException (node:internal/errors:691:14)
      at TLSSocket.onConnectEnd (node:_tls_wrap:1585:19)
      at TLSSocket.emit (node:events:402:35)
      at endReadableNT (node:internal/streams/readable:1343:12)
      at processTicksAndRejections (node:internal/process/task_queues:83:21)

npm manifest: 
  {
    "name": "server",
    "version": "1.0.0",
    "description": "",
    "main": "index.js",
    "scripts": {
      "serve": "nodemon index.js",
      "test": "echo \"Error: no test specified\" && exit 1"
    },
    "keywords": [],
    "author": "",
    "license": "ISC"
  }

yarn manifest: 
  No manifest

Lockfile: 
  No lockfile
